[2024-09-04 17:35:11] install.INFO: Running step: check-install-lock [] []
[2024-09-04 17:35:11] install.INFO: step: check-install-lock | status: done [] []
[2024-09-04 17:35:11] install.INFO: step: check-install-lock | messages: [] []
[2024-09-04 17:35:11] install.INFO: Installer not locked. Proceeding with install [] []
[2024-09-04 17:35:11] install.INFO: step: check-install-lock | debug: no debug info [] []
[2024-09-04 17:35:11] install.INFO: Running step: check-db-connection [] []
[2024-09-04 17:35:11] install.INFO: step: check-db-connection | status: done [] []
[2024-09-04 17:35:11] install.INFO: step: check-db-connection | messages: [] []
[2024-09-04 17:35:11] install.INFO: DB credentials ok [] []
[2024-09-04 17:35:11] install.INFO: step: check-db-connection | debug: no debug info [] []
[2024-09-04 17:35:11] install.INFO: Running step: install-system-checks [] []
[2024-09-04 17:35:13] install.INFO: step: install-system-checks | status: done [] []
[2024-09-04 17:35:13] install.INFO: step: install-system-checks | messages: no messages [] []
[2024-09-04 17:35:13] install.INFO: step: install-system-checks | debug: no debug info [] []
[2024-09-04 17:35:13] install.INFO: Running step: create-config [] []
[2024-09-04 17:35:13] install.INFO: step: create-config | status: done [] []
[2024-09-04 17:35:13] install.INFO: step: create-config | messages: [] []
[2024-09-04 17:35:13] install.INFO: Created silent install config: config_si.php [] []
[2024-09-04 17:35:13] install.INFO: step: create-config | debug: no debug info [] []
[2024-09-04 17:35:13] install.INFO: Running step: create-env [] []
[2024-09-04 17:35:13] install.INFO: step: create-env | status: done [] []
[2024-09-04 17:35:13] install.INFO: step: create-env | messages: [] []
[2024-09-04 17:35:13] install.INFO: Created .env.local [] []
[2024-09-04 17:35:13] install.INFO: step: create-env | debug: no debug info [] []
[2024-09-04 17:35:13] install.INFO: Running step: run-legacy-install [] []
[2024-09-04 17:35:28] install.INFO: Running step: check-install-lock [] []
[2024-09-04 17:35:28] install.INFO: step: check-install-lock | status: done [] []
[2024-09-04 17:35:28] install.INFO: step: check-install-lock | messages: [] []
[2024-09-04 17:35:28] install.INFO: Installer not locked. Proceeding with install [] []
[2024-09-04 17:35:28] install.INFO: step: check-install-lock | debug: no debug info [] []
[2024-09-04 17:35:28] install.INFO: Running step: check-db-connection [] []
[2024-09-04 17:35:28] install.INFO: step: check-db-connection | status: done [] []
[2024-09-04 17:35:28] install.INFO: step: check-db-connection | messages: [] []
[2024-09-04 17:35:28] install.INFO: DB credentials ok [] []
[2024-09-04 17:35:28] install.INFO: step: check-db-connection | debug: no debug info [] []
[2024-09-04 17:35:28] install.INFO: Running step: install-system-checks [] []
[2024-09-04 17:35:29] install.INFO: step: install-system-checks | status: done [] []
[2024-09-04 17:35:29] install.INFO: step: install-system-checks | messages: no messages [] []
[2024-09-04 17:35:29] install.INFO: step: install-system-checks | debug: no debug info [] []
[2024-09-04 17:35:29] install.INFO: Running step: create-config [] []
[2024-09-04 17:35:29] install.INFO: step: create-config | status: done [] []
[2024-09-04 17:35:29] install.INFO: step: create-config | messages: [] []
[2024-09-04 17:35:29] install.INFO: Created silent install config: config_si.php [] []
[2024-09-04 17:35:29] install.INFO: step: create-config | debug: no debug info [] []
[2024-09-04 17:35:29] install.INFO: Running step: create-env [] []
[2024-09-04 17:35:29] install.INFO: step: create-env | status: done [] []
[2024-09-04 17:35:29] install.INFO: step: create-env | messages: [] []
[2024-09-04 17:35:29] install.INFO: Created .env.local [] []
[2024-09-04 17:35:29] install.INFO: step: create-env | debug: no debug info [] []
[2024-09-04 17:35:29] install.INFO: Running step: run-legacy-install [] []
[2024-09-04 17:36:47] install.INFO: Running step: check-install-lock [] []
[2024-09-04 17:36:47] install.INFO: step: check-install-lock | status: done [] []
[2024-09-04 17:36:47] install.INFO: step: check-install-lock | messages: [] []
[2024-09-04 17:36:47] install.INFO: Installer not locked. Proceeding with install [] []
[2024-09-04 17:36:47] install.INFO: step: check-install-lock | debug: no debug info [] []
[2024-09-04 17:36:47] install.INFO: Running step: check-db-connection [] []
[2024-09-04 17:36:47] install.INFO: step: check-db-connection | status: done [] []
[2024-09-04 17:36:47] install.INFO: step: check-db-connection | messages: [] []
[2024-09-04 17:36:47] install.INFO: DB credentials ok [] []
[2024-09-04 17:36:47] install.INFO: step: check-db-connection | debug: no debug info [] []
[2024-09-04 17:36:47] install.INFO: Running step: install-system-checks [] []
[2024-09-04 17:36:48] install.INFO: step: install-system-checks | status: done [] []
[2024-09-04 17:36:48] install.INFO: step: install-system-checks | messages: no messages [] []
[2024-09-04 17:36:48] install.INFO: step: install-system-checks | debug: no debug info [] []
[2024-09-04 17:36:48] install.INFO: Running step: create-config [] []
[2024-09-04 17:36:48] install.INFO: step: create-config | status: done [] []
[2024-09-04 17:36:48] install.INFO: step: create-config | messages: [] []
[2024-09-04 17:36:48] install.INFO: Created silent install config: config_si.php [] []
[2024-09-04 17:36:48] install.INFO: step: create-config | debug: no debug info [] []
[2024-09-04 17:36:48] install.INFO: Running step: create-env [] []
[2024-09-04 17:36:48] install.INFO: step: create-env | status: done [] []
[2024-09-04 17:36:48] install.INFO: step: create-env | messages: [] []
[2024-09-04 17:36:48] install.INFO: Created .env.local [] []
[2024-09-04 17:36:48] install.INFO: step: create-env | debug: no debug info [] []
[2024-09-04 17:36:48] install.INFO: Running step: run-legacy-install [] []
[2024-09-04 17:37:10] install.INFO: Running step: check-install-lock [] []
[2024-09-04 17:37:10] install.INFO: step: check-install-lock | status: done [] []
[2024-09-04 17:37:10] install.INFO: step: check-install-lock | messages: [] []
[2024-09-04 17:37:10] install.INFO: Installer not locked. Proceeding with install [] []
[2024-09-04 17:37:10] install.INFO: step: check-install-lock | debug: no debug info [] []
[2024-09-04 17:37:10] install.INFO: Running step: check-db-connection [] []
[2024-09-04 17:37:10] install.INFO: step: check-db-connection | status: done [] []
[2024-09-04 17:37:10] install.INFO: step: check-db-connection | messages: [] []
[2024-09-04 17:37:10] install.INFO: DB credentials ok [] []
[2024-09-04 17:37:10] install.INFO: step: check-db-connection | debug: no debug info [] []
[2024-09-04 17:37:10] install.INFO: Running step: install-system-checks [] []
[2024-09-04 17:37:11] install.INFO: step: install-system-checks | status: done [] []
[2024-09-04 17:37:11] install.INFO: step: install-system-checks | messages: no messages [] []
[2024-09-04 17:37:11] install.INFO: step: install-system-checks | debug: no debug info [] []
[2024-09-04 17:37:11] install.INFO: Running step: create-config [] []
[2024-09-04 17:37:11] install.INFO: step: create-config | status: done [] []
[2024-09-04 17:37:11] install.INFO: step: create-config | messages: [] []
[2024-09-04 17:37:11] install.INFO: Created silent install config: config_si.php [] []
[2024-09-04 17:37:11] install.INFO: step: create-config | debug: no debug info [] []
[2024-09-04 17:37:11] install.INFO: Running step: create-env [] []
[2024-09-04 17:37:11] install.INFO: step: create-env | status: done [] []
[2024-09-04 17:37:11] install.INFO: step: create-env | messages: [] []
[2024-09-04 17:37:11] install.INFO: Created .env.local [] []
[2024-09-04 17:37:11] install.INFO: step: create-env | debug: no debug info [] []
[2024-09-04 17:37:11] install.INFO: Running step: run-legacy-install [] []
[2024-09-04 17:40:41] install.INFO: Running step: check-install-lock [] []
[2024-09-04 17:40:41] install.INFO: step: check-install-lock | status: done [] []
[2024-09-04 17:40:41] install.INFO: step: check-install-lock | messages: [] []
[2024-09-04 17:40:41] install.INFO: Installer not locked. Proceeding with install [] []
[2024-09-04 17:40:41] install.INFO: step: check-install-lock | debug: no debug info [] []
[2024-09-04 17:40:41] install.INFO: Running step: check-db-connection [] []
[2024-09-04 17:40:41] install.INFO: step: check-db-connection | status: done [] []
[2024-09-04 17:40:41] install.INFO: step: check-db-connection | messages: [] []
[2024-09-04 17:40:41] install.INFO: DB credentials ok [] []
[2024-09-04 17:40:41] install.INFO: step: check-db-connection | debug: no debug info [] []
[2024-09-04 17:40:41] install.INFO: Running step: install-system-checks [] []
[2024-09-04 17:40:42] install.INFO: step: install-system-checks | status: done [] []
[2024-09-04 17:40:42] install.INFO: step: install-system-checks | messages: no messages [] []
[2024-09-04 17:40:42] install.INFO: step: install-system-checks | debug: no debug info [] []
[2024-09-04 17:40:42] install.INFO: Running step: create-config [] []
[2024-09-04 17:40:42] install.INFO: step: create-config | status: done [] []
[2024-09-04 17:40:42] install.INFO: step: create-config | messages: [] []
[2024-09-04 17:40:42] install.INFO: Created silent install config: config_si.php [] []
[2024-09-04 17:40:42] install.INFO: step: create-config | debug: no debug info [] []
[2024-09-04 17:40:42] install.INFO: Running step: create-env [] []
[2024-09-04 17:40:42] install.INFO: step: create-env | status: done [] []
[2024-09-04 17:40:42] install.INFO: step: create-env | messages: [] []
[2024-09-04 17:40:42] install.INFO: Created .env.local [] []
[2024-09-04 17:40:42] install.INFO: step: create-env | debug: no debug info [] []
[2024-09-04 17:40:42] install.INFO: Running step: run-legacy-install [] []
[2024-09-04 17:41:23] install.INFO: step: run-legacy-install | status: done [] []
[2024-09-04 17:41:23] install.INFO: step: run-legacy-install | messages: [] []
[2024-09-04 17:41:23] install.INFO: Legacy install successful [] []
[2024-09-04 17:41:23] install.INFO: step: run-legacy-install | debug: no debug info [] []
